[29/12/2025 21:41:40] NOTIFICATION: Le livre 'Python pour les Nuls' (ISBN: TEST001) est maintenant disponible.
Réservation ID: reservationoO544
Utilisateur: Bob (ID: ETU002)
Position dans la file: 1
Date de réservation: 29/12/2025
================================================================================

[03/01/2026 03:06:00] Chargement des réservations - 0 réservation(s) chargée(s)
[03/01/2026 03:06:32] Liste de toutes les réservations - 0 réservation(s)
[03/01/2026 03:17:03] Chargement des réservations - 0 réservation(s) chargée(s)
[03/01/2026 03:26:14] Chargement des réservations - 0 réservation(s) chargée(s)
[03/01/2026 03:27:16] Chargement des réservations - 0 réservation(s) chargée(s)
[03/01/2026 03:34:51] Chargement des réservations - 0 réservation(s) chargée(s)
[03/01/2026 03:41:15] Réservation de livre - ID: reservationJR245, ISBN: nP598, Titre: Une si longue lettre, Utilisateur: Madicke Diop (userUs327), Position: 1
[03/01/2026 03:42:18] Liste de toutes les réservations - 1 réservation(s)
[03/01/2026 03:42:26] Liste de toutes les réservations - 1 réservation(s)
[03/01/2026 03:42:31] Annulation de réservation - ID: reservationJR245, ISBN: nP598, Titre: Une si longue lettre
[03/01/2026 03:53:05] Chargement des réservations - 0 réservation(s) chargée(s)
[03/01/2026 04:50:49] Chargement des réservations - 0 réservation(s) chargée(s)
[03/01/2026 05:12:23] Chargement des réservations - 0 réservation(s) chargée(s)
[03/01/2026 05:20:14] Chargement des réservations - 0 réservation(s) chargée(s)
[03/01/2026 05:20:24] Liste de toutes les réservations - 0 réservation(s)
[03/01/2026 05:20:24] Liste de toutes les réservations - 0 réservation(s)
