tous les nouveaux livres ajoutés dans la bibliotheque seront enregistrés dans ce fichier:[03/01/2026 01:14:24] Chargement des livres - 0 livre(s) chargé(s)
[03/01/2026 01:19:28] Liste de tous les livres - 0 livre(s)
[03/01/2026 01:21:54] Ajout de livre - ISBN: dw863, Titre: Valkyrie Apocalypse, Auteur: Shinya Umemura, Exemplaires: 3
[03/01/2026 01:26:11] Ajout de livre - ISBN: De658, Titre: Une si longue lettre, Auteur: Mariama Ba, Exemplaires: 1
[03/01/2026 01:27:24] Consultation de livre - ISBN: De658, Titre: Une si longue lettre
[03/01/2026 01:28:14] Mise à jour de livre - ISBN: De658, Titre: Une si longue lettre
[03/01/2026 01:32:03] Chargement des livres - 2 livre(s) chargé(s)
[03/01/2026 01:34:37] Suppression de livre - ISBN: De658, Titre: Une si longue lettre, Auteur: Mariama Ba
[03/01/2026 01:35:14] Ajout de livre - ISBN: nP598, Titre: Une si longue lettre, Auteur: Mariama ba, Exemplaires: 3
[03/01/2026 02:09:00] Chargement des livres - 2 livre(s) chargé(s)
[03/01/2026 02:09:27] Liste de tous les livres - 2 livre(s)
[03/01/2026 02:09:54] Liste de tous les livres - 2 livre(s)
[03/01/2026 02:10:22] Mise à jour de livre - ISBN: dw863, Titre: Valkyrie Apocalypse
[03/01/2026 02:18:21] Mise à jour de livre - ISBN: dw863, Titre: Valkyrie Apocalypse
[03/01/2026 02:18:21] Mise à jour de livre - ISBN: dw863, Titre: Valkyrie Apocalypse
[03/01/2026 02:25:04] Liste de tous les livres - 2 livre(s)
[03/01/2026 02:25:17] Mise à jour de livre - ISBN: nP598, Titre: Une si longue lettre
[03/01/2026 02:25:26] Liste de tous les livres - 2 livre(s)
[03/01/2026 02:25:34] Mise à jour de livre - ISBN: nP598, Titre: Une si longue lettre
[03/01/2026 02:25:41] Liste de tous les livres - 2 livre(s)
[03/01/2026 02:26:02] Mise à jour de livre - ISBN: nP598, Titre: Une si longue lettre
[03/01/2026 02:26:06] Liste de tous les livres - 2 livre(s)
[03/01/2026 02:26:24] Mise à jour de livre - ISBN: dw863, Titre: Valkyrie Apocalypse
[03/01/2026 02:26:29] Liste de tous les livres - 2 livre(s)
[03/01/2026 02:26:35] Mise à jour de livre - ISBN: dw863, Titre: Valkyrie Apocalypse
[03/01/2026 02:26:41] Liste de tous les livres - 2 livre(s)
[03/01/2026 02:35:46] Liste de tous les livres - 2 livre(s)
[03/01/2026 02:36:08] Mise à jour de livre - ISBN: nP598, Titre: Une si longue lettre
[03/01/2026 02:36:08] Mise à jour de livre - ISBN: dw863, Titre: Valkyrie Apocalypse
[03/01/2026 02:36:24] Liste de tous les livres - 2 livre(s)
[03/01/2026 02:36:43] Liste de tous les livres - 2 livre(s)
[03/01/2026 03:06:00] Chargement des livres - 2 livre(s) chargé(s)
[03/01/2026 03:17:03] Chargement des livres - 2 livre(s) chargé(s)
[03/01/2026 03:26:14] Chargement des livres - 2 livre(s) chargé(s)
[03/01/2026 03:27:16] Chargement des livres - 2 livre(s) chargé(s)
[03/01/2026 03:34:51] Chargement des livres - 2 livre(s) chargé(s)
[03/01/2026 03:34:51] Liste de tous les livres - 2 livre(s)
[03/01/2026 03:35:01] Liste de tous les livres - 2 livre(s)
[03/01/2026 03:39:24] Liste de tous les livres - 2 livre(s)
[03/01/2026 03:39:49] Liste de tous les livres - 2 livre(s)
[03/01/2026 03:39:52] Mise à jour de livre - ISBN: nP598, Titre: Une si longue lettre
[03/01/2026 03:40:19] Liste de tous les livres - 2 livre(s)
[03/01/2026 03:41:15] Mise à jour de livre - ISBN: nP598, Titre: Une si longue lettre
[03/01/2026 03:41:54] Liste de tous les livres - 2 livre(s)
[03/01/2026 03:42:12] Liste de tous les livres - 2 livre(s)
[03/01/2026 03:42:31] Mise à jour de livre - ISBN: nP598, Titre: Une si longue lettre
[03/01/2026 03:53:05] Chargement des livres - 2 livre(s) chargé(s)
[03/01/2026 03:53:05] Liste de tous les livres - 2 livre(s)
[03/01/2026 03:53:19] Liste de tous les livres - 2 livre(s)
[03/01/2026 03:53:41] Liste de tous les livres - 2 livre(s)
[03/01/2026 03:53:59] Liste de tous les livres - 2 livre(s)
[03/01/2026 03:54:13] Liste de tous les livres - 2 livre(s)
[03/01/2026 04:50:49] Chargement des livres - 2 livre(s) chargé(s)
[03/01/2026 04:50:49] Liste de tous les livres - 2 livre(s)
[03/01/2026 05:12:23] Chargement des livres - 2 livre(s) chargé(s)
[03/01/2026 05:12:23] Liste de tous les livres - 2 livre(s)
[03/01/2026 05:20:14] Chargement des livres - 2 livre(s) chargé(s)
[03/01/2026 05:20:14] Liste de tous les livres - 2 livre(s)
[03/01/2026 05:20:24] Liste de tous les livres - 2 livre(s)
[03/01/2026 05:20:24] Liste de tous les livres - 2 livre(s)
[03/01/2026 05:20:38] Liste de tous les livres - 2 livre(s)
